<?xml version="1.0" encoding="UTF-8"?>
<testng-results skipped="0" failed="0" total="1" passed="1">
  <reporter-output>
  </reporter-output>
  <suite name="Default suite" duration-ms="74" started-at="2016-01-28T05:29:15Z" finished-at="2016-01-28T05:29:15Z">
    <groups>
    </groups>
    <test name="Default test" duration-ms="74" started-at="2016-01-28T05:29:15Z" finished-at="2016-01-28T05:29:15Z">
      <class name="TestNG.FirstTest">
        <test-method status="PASS" signature="beforeTest()[pri:0, instance:TestNG.FirstTest@4c8eb7f9]" name="beforeTest" is-config="true" duration-ms="30" started-at="2016-01-28T13:29:15Z" finished-at="2016-01-28T13:29:15Z">
          <reporter-output>
          </reporter-output>
        </test-method> <!-- beforeTest -->
        <test-method status="PASS" signature="f()[pri:0, instance:TestNG.FirstTest@4c8eb7f9]" name="f" duration-ms="6" started-at="2016-01-28T13:29:15Z" finished-at="2016-01-28T13:29:15Z">
          <reporter-output>
          </reporter-output>
        </test-method> <!-- f -->
        <test-method status="PASS" signature="afterTest()[pri:0, instance:TestNG.FirstTest@4c8eb7f9]" name="afterTest" is-config="true" duration-ms="1" started-at="2016-01-28T13:29:15Z" finished-at="2016-01-28T13:29:15Z">
          <reporter-output>
          </reporter-output>
        </test-method> <!-- afterTest -->
      </class> <!-- TestNG.FirstTest -->
    </test> <!-- Default test -->
  </suite> <!-- Default suite -->
</testng-results>
